<?xml version="1.0" encoding="UTF-8" ?>
<testsuite errors="0" failures="0" hostname="DESKTOP-OGMBS26" name="Pruebas.PruebasLentti" skipped="0" tests="2" time="5.899" timestamp="2021-05-25T17:06:40">
  <properties>
[...]
</properties>
  <testcase classname="Pruebas.PruebasLentti" name="ValidacionCorreoPrueba" time="0.01" />
  <testcase classname="Pruebas.PruebasLentti" name="AgregarPlatoAlCarroCompras" time="5.65" />
  <system-out><![CDATA[resultfalse
resulttrue
]]></system-out>
  <system-err><![CDATA[]]></system-err>
</testsuite>
